<?xml version="1.0" encoding="utf-8"?><testsuites name="pytest tests"><testsuite name="pytest" errors="0" failures="0" skipped="0" tests="16" time="10.955" timestamp="2026-04-02T17:34:17.637828+00:00" hostname="agent-env-64943ae2-b433-4f0f-a8a0-393caa6ff071"><testcase classname="backend.tests.test_new_features.TestPlanManagement" name="test_owner_can_view_users" time="0.499" /><testcase classname="backend.tests.test_new_features.TestPlanManagement" name="test_owner_can_change_user_plan_free_to_premium" time="1.012" /><testcase classname="backend.tests.test_new_features.TestPlanManagement" name="test_owner_can_change_user_plan_premium_to_free" time="1.085" /><testcase classname="backend.tests.test_new_features.TestPlanManagement" name="test_owner_can_change_user_plan_to_enterprise" time="0.940" /><testcase classname="backend.tests.test_new_features.TestPlanManagement" name="test_plan_change_creates_audit_log" time="0.947" /><testcase classname="backend.tests.test_new_features.TestPlanManagement" name="test_admin_cannot_change_user_plan" time="0.815" /><testcase classname="backend.tests.test_new_features.TestPaymentSettings" name="test_owner_can_get_payment_settings" time="0.482" /><testcase classname="backend.tests.test_new_features.TestPaymentSettings" name="test_owner_can_update_payment_settings" time="0.588" /><testcase classname="backend.tests.test_new_features.TestPaymentSettings" name="test_payment_settings_update_creates_audit_log" time="0.595" /><testcase classname="backend.tests.test_new_features.TestPaymentSettings" name="test_payment_settings_test_connection" time="1.192" /><testcase classname="backend.tests.test_new_features.TestPaymentSettings" name="test_payment_settings_requires_key_id" time="0.443" /><testcase classname="backend.tests.test_new_features.TestPaymentSettings" name="test_payment_settings_requires_key_secret" time="0.462" /><testcase classname="backend.tests.test_new_features.TestPaymentSettings" name="test_admin_cannot_access_payment_settings" time="0.436" /><testcase classname="backend.tests.test_new_features.TestPaymentSettings" name="test_admin_cannot_update_payment_settings" time="0.492" /><testcase classname="backend.tests.test_new_features.TestNonOwnerAccess" name="test_regular_user_cannot_access_owner_endpoints" time="0.466" /><testcase classname="backend.tests.test_new_features.TestNonOwnerAccess" name="test_regular_user_cannot_access_admin_endpoints" time="0.438" /></testsuite></testsuites>