<?xml version="1.0" encoding="utf-8"?><testsuites name="pytest tests"><testsuite name="pytest" errors="0" failures="0" skipped="0" tests="12" time="13.741" timestamp="2026-05-04T05:41:12.911367+00:00" hostname="agent-env-64943ae2-b433-4f0f-a8a0-393caa6ff071"><testcase classname="backend.tests.test_scanner_sensitivity.TestScanURL" name="test_scan_url_low_sensitivity" time="1.519" /><testcase classname="backend.tests.test_scanner_sensitivity.TestScanURL" name="test_scan_url_aggressive_sensitivity" time="0.940" /><testcase classname="backend.tests.test_scanner_sensitivity.TestScanURL" name="test_scan_url_invalid_sensitivity_falls_back" time="1.446" /><testcase classname="backend.tests.test_scanner_sensitivity.TestScanURL" name="test_scan_url_default_sensitivity" time="1.278" /><testcase classname="backend.tests.test_scanner_sensitivity.TestScanURL" name="test_graceful_missing_vt_key" time="1.008" /><testcase classname="backend.tests.test_scanner_sensitivity.TestScanURL" name="test_cache_hit_same_url" time="1.627" /><testcase classname="backend.tests.test_scanner_sensitivity.TestScanURL" name="test_get_scan_by_id" time="1.223" /><testcase classname="backend.tests.test_scanner_sensitivity.TestScanURL" name="test_iocs_endpoint" time="1.723" /><testcase classname="backend.tests.test_scanner_sensitivity.TestScanFile" name="test_scan_file_pdf_high" time="1.300" /><testcase classname="backend.tests.test_scanner_sensitivity.TestScanFile" name="test_scan_file_exe_normal" time="1.325" /><testcase classname="backend.tests.test_scanner_sensitivity.TestAuthRegression" name="test_owner_login_and_me" time="0.148" /><testcase classname="backend.tests.test_scanner_sensitivity.TestAuthRegression" name="test_billing_plans_public" time="0.125" /></testsuite></testsuites>