<?xml version="1.0" encoding="utf-8"?><testsuites name="pytest tests"><testsuite name="pytest" errors="0" failures="0" skipped="0" tests="19" time="11.881" timestamp="2026-04-02T17:01:12.405613+00:00" hostname="agent-env-64943ae2-b433-4f0f-a8a0-393caa6ff071"><testcase classname="backend.tests.test_linkshield.TestAuthSignup" name="test_signup_new_user_success" time="0.539" /><testcase classname="backend.tests.test_linkshield.TestAuthSignup" name="test_signup_duplicate_email_rejected" time="0.488" /><testcase classname="backend.tests.test_linkshield.TestAuthSignup" name="test_signup_duplicate_username_rejected" time="0.650" /><testcase classname="backend.tests.test_linkshield.TestAuthSignup" name="test_signup_invalid_username_format_rejected" time="0.120" /><testcase classname="backend.tests.test_linkshield.TestAuthLogin" name="test_login_success" time="0.914" /><testcase classname="backend.tests.test_linkshield.TestAuthLogin" name="test_login_invalid_credentials" time="0.113" /><testcase classname="backend.tests.test_linkshield.TestAuthLogin" name="test_jwt_token_valid_for_me_endpoint" time="1.220" /><testcase classname="backend.tests.test_linkshield.TestDashboard" name="test_user_stats_endpoint" time="0.744" /><testcase classname="backend.tests.test_linkshield.TestDashboard" name="test_scan_history_endpoint" time="0.478" /><testcase classname="backend.tests.test_linkshield.TestURLScan" name="test_url_scan_success" time="0.658" /><testcase classname="backend.tests.test_linkshield.TestURLScan" name="test_scan_appears_in_history" time="0.711" /><testcase classname="backend.tests.test_linkshield.TestURLScan" name="test_get_scan_result_by_id" time="0.657" /><testcase classname="backend.tests.test_linkshield.TestAdminAccess" name="test_admin_login_and_dashboard_access" time="0.762" /><testcase classname="backend.tests.test_linkshield.TestOwnerAccess" name="test_owner_login_and_controls_access" time="0.693" /><testcase classname="backend.tests.test_linkshield.TestOwnerAccess" name="test_owner_create_admin" time="0.725" /><testcase classname="backend.tests.test_linkshield.TestPlans" name="test_get_plans" time="0.118" /><testcase classname="backend.tests.test_linkshield.TestPaymentFlow" name="test_create_order_fails_with_demo_keys" time="1.261" /><testcase classname="backend.tests.test_linkshield.TestRegularUserCannotAccessAdmin" name="test_regular_user_blocked_from_admin" time="0.475" /><testcase classname="backend.tests.test_linkshield.TestRegularUserCannotAccessAdmin" name="test_regular_user_blocked_from_owner" time="0.462" /></testsuite></testsuites>