<?xml version="1.0" encoding="utf-8"?><testsuites name="pytest tests"><testsuite name="pytest" errors="0" failures="0" skipped="0" tests="28" time="13.865" timestamp="2026-05-04T04:42:40.703805+00:00" hostname="agent-env-64943ae2-b433-4f0f-a8a0-393caa6ff071"><testcase classname="backend.tests.test_iteration4_features.TestAuth" name="test_owner_login" time="0.389" /><testcase classname="backend.tests.test_iteration4_features.TestAuth" name="test_admin_login" time="0.341" /><testcase classname="backend.tests.test_iteration4_features.TestPlanGatedAccess" name="test_owner_can_access_api_keys" time="0.545" /><testcase classname="backend.tests.test_iteration4_features.TestPlanGatedAccess" name="test_owner_can_access_teams" time="0.470" /><testcase classname="backend.tests.test_iteration4_features.TestPlanGatedAccess" name="test_owner_can_access_webhooks" time="0.435" /><testcase classname="backend.tests.test_iteration4_features.TestPlanGatedAccess" name="test_owner_can_access_reports" time="0.434" /><testcase classname="backend.tests.test_iteration4_features.TestURLScanning" name="test_scan_url_returns_risk_data" time="1.281" /><testcase classname="backend.tests.test_iteration4_features.TestURLScanning" name="test_scan_appears_in_history" time="0.446" /><testcase classname="backend.tests.test_iteration4_features.TestIOCExport" name="test_export_iocs_csv" time="0.548" /><testcase classname="backend.tests.test_iteration4_features.TestIOCExport" name="test_export_iocs_json" time="0.623" /><testcase classname="backend.tests.test_iteration4_features.TestIOCExport" name="test_download_scan_pdf" time="0.564" /><testcase classname="backend.tests.test_iteration4_features.TestAPIKeySystem" name="test_api_key_usage_stats" time="0.465" /><testcase classname="backend.tests.test_iteration4_features.TestAPIKeySystem" name="test_api_scan_with_key" time="0.472" /><testcase classname="backend.tests.test_iteration4_features.TestAPIKeySystem" name="test_api_scan_without_key_fails" time="0.109" /><testcase classname="backend.tests.test_iteration4_features.TestTeams" name="test_get_team" time="0.436" /><testcase classname="backend.tests.test_iteration4_features.TestTeams" name="test_add_member_nonexistent_email" time="0.433" /><testcase classname="backend.tests.test_iteration4_features.TestWebhooks" name="test_list_webhooks" time="0.444" /><testcase classname="backend.tests.test_iteration4_features.TestWebhooks" name="test_create_webhook" time="0.443" /><testcase classname="backend.tests.test_iteration4_features.TestWebhooks" name="test_test_webhook_ping" time="0.733" /><testcase classname="backend.tests.test_iteration4_features.TestReports" name="test_download_weekly_report" time="0.436" /><testcase classname="backend.tests.test_iteration4_features.TestReports" name="test_create_report_schedule" time="0.467" /><testcase classname="backend.tests.test_iteration4_features.TestReports" name="test_get_report_schedule" time="0.505" /><testcase classname="backend.tests.test_iteration4_features.TestOwnerPricing" name="test_get_site_settings" time="0.426" /><testcase classname="backend.tests.test_iteration4_features.TestOwnerPricing" name="test_update_prices" time="0.643" /><testcase classname="backend.tests.test_iteration4_features.TestOwnerPricing" name="test_plans_show_dynamic_pricing" time="0.101" /><testcase classname="backend.tests.test_iteration4_features.TestOwnerPaymentSettings" name="test_get_payment_settings" time="0.441" /><testcase classname="backend.tests.test_iteration4_features.TestAdminPlanManagement" name="test_get_all_users" time="0.445" /><testcase classname="backend.tests.test_iteration4_features.TestAdminPlanManagement" name="test_change_user_plan" time="0.723" /></testsuite></testsuites>