<?xml version="1.0" encoding="utf-8"?><testsuites name="pytest tests"><testsuite name="pytest" errors="0" failures="2" skipped="0" tests="19" time="55.009" timestamp="2026-05-04T06:59:14.114575+00:00" hostname="agent-env-64943ae2-b433-4f0f-a8a0-393caa6ff071"><testcase classname="backend.tests.test_enterprise_network.TestVerificationFlow" name="test_submit_verification" time="0.556" /><testcase classname="backend.tests.test_enterprise_network.TestVerificationFlow" name="test_pipeline_transitions_to_pending_company" time="0.159" /><testcase classname="backend.tests.test_enterprise_network.TestVerificationFlow" name="test_company_approve_link" time="0.211" /><testcase classname="backend.tests.test_enterprise_network.TestVerificationFlow" name="test_status_shows_pending_owner" time="0.144" /><testcase classname="backend.tests.test_enterprise_network.TestVerificationFlow" name="test_owner_lists_verifications" time="0.622" /><testcase classname="backend.tests.test_enterprise_network.TestVerificationFlow" name="test_owner_gets_detail" time="0.308" /><testcase classname="backend.tests.test_enterprise_network.TestVerificationFlow" name="test_owner_serves_files" time="0.768" /><testcase classname="backend.tests.test_enterprise_network.TestVerificationFlow" name="test_start_scan_forbidden_without_approval" time="0.133" /><testcase classname="backend.tests.test_enterprise_network.TestVerificationFlow" name="test_owner_approves_verification" time="0.170" /><testcase classname="backend.tests.test_enterprise_network.TestVerificationFlow" name="test_admin_now_has_permission" time="0.119" /><testcase classname="backend.tests.test_enterprise_network.TestVerificationFlow" name="test_owner_revokes_cleanup" time="0.278" /><testcase classname="backend.tests.test_enterprise_network.TestNetworkScanner" name="test_owner_start_scan" time="0.318" /><testcase classname="backend.tests.test_enterprise_network.TestNetworkScanner" name="test_scan_completes" time="0.236" /><testcase classname="backend.tests.test_enterprise_network.TestNetworkScanner" name="test_list_scans" time="0.110" /><testcase classname="backend.tests.test_enterprise_network.TestNetworkScanner" name="test_export_json" time="0.101" /><testcase classname="backend.tests.test_enterprise_network.TestNetworkScanner" name="test_export_pdf" time="0.188" /><testcase classname="backend.tests.test_enterprise_network.TestRegression" name="test_scan_url_still_works" time="50.087" /><testcase classname="backend.tests.test_enterprise_network.TestRegression" name="test_history_still_works" time="0.172"><failure message="assert 404 == 200&#10; +  where 404 = &lt;Response [404]&gt;.status_code">backend/tests/test_enterprise_network.py:251: in test_history_still_works
    assert r.status_code == 200
E   assert 404 == 200
E    +  where 404 = &lt;Response [404]&gt;.status_code</failure></testcase><testcase classname="backend.tests.test_enterprise_network.TestRegression" name="test_plans_public" time="0.153"><failure message="assert 404 == 200&#10; +  where 404 = &lt;Response [404]&gt;.status_code">backend/tests/test_enterprise_network.py:255: in test_plans_public
    assert r.status_code == 200
E   assert 404 == 200
E    +  where 404 = &lt;Response [404]&gt;.status_code</failure></testcase></testsuite></testsuites>